<?xml version="1.0" encoding="UTF-8"?>
<testsuite name="board.TestSquareBoard" tests="1" skipped="0" failures="0" errors="0" timestamp="2020-08-18T08:26:21" hostname="DESKTOP-HEB6D77" time="0.057">
  <properties/>
  <testcase name="test00AllCells" classname="board.TestSquareBoard" time="0.057"/>
  <system-out><![CDATA[]]></system-out>
  <system-err><![CDATA[]]></system-err>
</testsuite>
